<?xml version="1.0" encoding="UTF-8"?>
<testng-results skipped="0" failed="0" total="1" passed="1">
  <reporter-output>
  </reporter-output>
  <suite name="Default suite" duration-ms="31695" started-at="2014-06-15T21:45:16Z" finished-at="2014-06-15T21:45:47Z">
    <groups>
    </groups>
    <test name="Default test" duration-ms="31695" started-at="2014-06-15T21:45:16Z" finished-at="2014-06-15T21:45:47Z">
      <class name="com.selenium.sample.SampleTest">
        <test-method status="PASS" signature="setUp()[pri:0, instance:com.selenium.sample.SampleTest@1a79447]" name="setUp" is-config="true" duration-ms="17841" started-at="2014-06-16T03:15:16Z" finished-at="2014-06-16T03:15:34Z">
          <reporter-output>
          </reporter-output>
        </test-method> <!-- setUp -->
        <test-method status="PASS" signature="Test01()[pri:0, instance:com.selenium.sample.SampleTest@1a79447]" name="Test01" duration-ms="12541" started-at="2014-06-16T03:15:34Z" finished-at="2014-06-16T03:15:46Z">
          <reporter-output>
          </reporter-output>
        </test-method> <!-- Test01 -->
        <test-method status="PASS" signature="tearDown()[pri:0, instance:com.selenium.sample.SampleTest@1a79447]" name="tearDown" is-config="true" duration-ms="1198" started-at="2014-06-16T03:15:46Z" finished-at="2014-06-16T03:15:47Z">
          <reporter-output>
          </reporter-output>
        </test-method> <!-- tearDown -->
      </class> <!-- com.selenium.sample.SampleTest -->
    </test> <!-- Default test -->
  </suite> <!-- Default suite -->
</testng-results>
